time="2024-11-26T01:54:34+07:00" level=error msg="Error checking user by email: pq: syntax error at or near \"EXISTS\""
time="2024-11-26T02:09:18+07:00" level=error msg="Error checking user by email: pq: column \"email\" does not exist"
time="2024-11-26T02:11:54+07:00" level=error msg="Error getting credential by email: pq: syntax error at end of input"
time="2024-11-26T02:16:30+07:00" level=error msg="Error checking user by email: pq: syntax error at or near \")\""
time="2024-11-26T02:46:25+07:00" level=error msg="Error getting credential by email: sql: expected 3 destination arguments in Scan, not 6"
time="2024-11-26T03:01:46+07:00" level=info msg="User found: {cred-001 cus-001 testuser@example.com   customer}"
time="2024-11-26T03:06:26+07:00" level=error msg="Error getting credential by email: sql: expected 5 destination arguments in Scan, not 6"
time="2024-11-26T03:08:15+07:00" level=info msg="User found: {cred-001 cus-001 testuser@example.com $2a$12$7fb6RY3cGve07FAjf51gsOlfw0bbowS2JZ5WSCDmJKDtkwZ/JoOx6  customer}"
time="2024-11-26T03:29:36+07:00" level=info msg="User found: {cred-001 cus-001 testuser@example.com $2a$12$7fb6RY3cGve07FAjf51gsOlfw0bbowS2JZ5WSCDmJKDtkwZ/JoOx6  customer}"
time="2024-11-26T03:29:55+07:00" level=info msg="Token: eyJhbGciOiJIUzI1NiIsInR5cCI6IkpXVCJ9.eyJpc3MiOiJpbHlhc2EiLCJleHAiOjE3MzI2NDkzNzYsImlhdCI6MTczMjU2NjU3NiwiY3JlZElkIjoiIiwidXNlcklkIjoidGVzdHVzZXJAZXhhbXBsZS5jb20iLCJyb2xlIjoiY3VzdG9tZXIifQ.2p6iKVs8evtR_XMFEPuo_vvnIlzYDke-eut7IbJKD2w"
time="2024-11-26T03:31:07+07:00" level=info msg="Token: eyJhbGciOiJIUzI1NiIsInR5cCI6IkpXVCJ9.eyJpc3MiOiJpbHlhc2EiLCJleHAiOjE3MzI2NDkzNzYsImlhdCI6MTczMjU2NjU3NiwiY3JlZElkIjoiIiwidXNlcklkIjoidGVzdHVzZXJAZXhhbXBsZS5jb20iLCJyb2xlIjoiY3VzdG9tZXIifQ.2p6iKVs8evtR_XMFEPuo_vvnIlzYDke-eut7IbJKD2w"
time="2024-11-26T03:41:30+07:00" level=info msg="Token: eyJhbGciOiJIUzI1NiIsInR5cCI6IkpXVCJ9.eyJpc3MiOiJpbHlhc2EiLCJleHAiOjE3MzI2NDkzNzYsImlhdCI6MTczMjU2NjU3NiwiY3JlZElkIjoiIiwidXNlcklkIjoidGVzdHVzZXJAZXhhbXBsZS5jb20iLCJyb2xlIjoiY3VzdG9tZXIifQ.2p6iKVs8evtR_XMFEPuo_vvnIlzYDke-eut7IbJKD2w"
time="2024-11-26T03:41:30+07:00" level=error msg="jwtService is nil"
time="2024-11-26T03:41:42+07:00" level=info msg="Token: eyJhbGciOiJIUzI1NiIsInR5cCI6IkpXVCJ9.eyJpc3MiOiJpbHlhc2EiLCJleHAiOjE3MzI2NDkzNzYsImlhdCI6MTczMjU2NjU3NiwiY3JlZElkIjoiIiwidXNlcklkIjoidGVzdHVzZXJAZXhhbXBsZS5jb20iLCJyb2xlIjoiY3VzdG9tZXIifQ.2p6iKVs8evtR_XMFEPuo_vvnIlzYDke-eut7IbJKD2w"
time="2024-11-26T03:41:42+07:00" level=error msg="jwtService is nil"
time="2024-11-26T03:41:48+07:00" level=info msg="Token: eyJhbGciOiJIUzI1NiIsInR5cCI6IkpXVCJ9.eyJpc3MiOiJpbHlhc2EiLCJleHAiOjE3MzI2NDkzNzYsImlhdCI6MTczMjU2NjU3NiwiY3JlZElkIjoiIiwidXNlcklkIjoidGVzdHVzZXJAZXhhbXBsZS5jb20iLCJyb2xlIjoiY3VzdG9tZXIifQ.2p6iKVs8evtR_XMFEPuo_vvnIlzYDke-eut7IbJKD2w"
time="2024-11-26T03:41:48+07:00" level=error msg="jwtService is nil"
time="2024-11-26T03:52:17+07:00" level=info msg="Token: eyJhbGciOiJIUzI1NiIsInR5cCI6IkpXVCJ9.eyJpc3MiOiJpbHlhc2EiLCJleHAiOjE3MzI2NDkzNzYsImlhdCI6MTczMjU2NjU3NiwiY3JlZElkIjoiIiwidXNlcklkIjoidGVzdHVzZXJAZXhhbXBsZS5jb20iLCJyb2xlIjoiY3VzdG9tZXIifQ.2p6iKVs8evtR_XMFEPuo_vvnIlzYDke-eut7IbJKD2w"
time="2024-11-26T03:52:17+07:00" level=info msg="Parsing token: eyJhbGciOiJIUzI1NiIsInR5cCI6IkpXVCJ9.eyJpc3MiOiJpbHlhc2EiLCJleHAiOjE3MzI2NDkzNzYsImlhdCI6MTczMjU2NjU3NiwiY3JlZElkIjoiIiwidXNlcklkIjoidGVzdHVzZXJAZXhhbXBsZS5jb20iLCJyb2xlIjoiY3VzdG9tZXIifQ.2p6iKVs8evtR_XMFEPuo_vvnIlzYDke-eut7IbJKD2w"
time="2024-11-26T03:52:17+07:00" level=info msg="Token claims: &{RegisteredClaims:{Issuer:ilyasa Subject: Audience:[] ExpiresAt:2024-11-27 02:29:36 +0700 +07 NotBefore:<nil> IssuedAt:2024-11-26 03:29:36 +0700 +07 ID:} CredId: UserID: Email: Role:customer}"
time="2024-11-26T03:52:17+07:00" level=error msg="Token user_id  does not match payment customer_id cus-001"
time="2024-11-26T03:52:43+07:00" level=info msg="User found: {cred-001 cus-001 testuser@example.com $2a$12$7fb6RY3cGve07FAjf51gsOlfw0bbowS2JZ5WSCDmJKDtkwZ/JoOx6  customer}"
time="2024-11-26T03:53:11+07:00" level=info msg="Token: eyJhbGciOiJIUzI1NiIsInR5cCI6IkpXVCJ9.eyJpc3MiOiJpbHlhc2EiLCJleHAiOjE3MzI2NTA3NjQsImlhdCI6MTczMjU2Nzk2NCwiY3JlZElkIjoiIiwicm9sZSI6ImN1c3RvbWVyIn0.hSfsUJ2ZrDilP3K__EdYFkJghguMJc-GDW1XrCtLRRA"
time="2024-11-26T03:53:11+07:00" level=info msg="Parsing token: eyJhbGciOiJIUzI1NiIsInR5cCI6IkpXVCJ9.eyJpc3MiOiJpbHlhc2EiLCJleHAiOjE3MzI2NTA3NjQsImlhdCI6MTczMjU2Nzk2NCwiY3JlZElkIjoiIiwicm9sZSI6ImN1c3RvbWVyIn0.hSfsUJ2ZrDilP3K__EdYFkJghguMJc-GDW1XrCtLRRA"
time="2024-11-26T03:53:11+07:00" level=info msg="Token claims: &{RegisteredClaims:{Issuer:ilyasa Subject: Audience:[] ExpiresAt:2024-11-27 02:52:44 +0700 +07 NotBefore:<nil> IssuedAt:2024-11-26 03:52:44 +0700 +07 ID:} CredId: UserID: Email: Role:customer}"
time="2024-11-26T03:53:11+07:00" level=error msg="Token user_id  does not match payment customer_id cus-001"
time="2024-11-26T03:55:57+07:00" level=info msg="Token: eyJhbGciOiJIUzI1NiIsInR5cCI6IkpXVCJ9.eyJpc3MiOiJpbHlhc2EiLCJleHAiOjE3MzI2NTA3NjQsImlhdCI6MTczMjU2Nzk2NCwiY3JlZElkIjoiIiwicm9sZSI6ImN1c3RvbWVyIn0.hSfsUJ2ZrDilP3K__EdYFkJghguMJc-GDW1XrCtLRRA"
time="2024-11-26T03:55:57+07:00" level=info msg="Parsing token: eyJhbGciOiJIUzI1NiIsInR5cCI6IkpXVCJ9.eyJpc3MiOiJpbHlhc2EiLCJleHAiOjE3MzI2NTA3NjQsImlhdCI6MTczMjU2Nzk2NCwiY3JlZElkIjoiIiwicm9sZSI6ImN1c3RvbWVyIn0.hSfsUJ2ZrDilP3K__EdYFkJghguMJc-GDW1XrCtLRRA"
time="2024-11-26T03:55:57+07:00" level=info msg="Token claims: &{RegisteredClaims:{Issuer:ilyasa Subject: Audience:[] ExpiresAt:2024-11-27 02:52:44 +0700 +07 NotBefore:<nil> IssuedAt:2024-11-26 03:52:44 +0700 +07 ID:} CredId: UserID: Email: Role:customer}"
time="2024-11-26T03:55:57+07:00" level=info msg="Claimed user_id: "
time="2024-11-26T03:55:57+07:00" level=error msg="Token user_id  does not match payment customer_id cus-001"
time="2024-11-26T04:06:03+07:00" level=info msg="Token: eyJhbGciOiJIUzI1NiIsInR5cCI6IkpXVCJ9.eyJpc3MiOiJpbHlhc2EiLCJleHAiOjE3MzI2NTA3NjQsImlhdCI6MTczMjU2Nzk2NCwiY3JlZElkIjoiIiwicm9sZSI6ImN1c3RvbWVyIn0.hSfsUJ2ZrDilP3K__EdYFkJghguMJc-GDW1XrCtLRRA"
time="2024-11-26T04:06:03+07:00" level=info msg="Parsing token: eyJhbGciOiJIUzI1NiIsInR5cCI6IkpXVCJ9.eyJpc3MiOiJpbHlhc2EiLCJleHAiOjE3MzI2NTA3NjQsImlhdCI6MTczMjU2Nzk2NCwiY3JlZElkIjoiIiwicm9sZSI6ImN1c3RvbWVyIn0.hSfsUJ2ZrDilP3K__EdYFkJghguMJc-GDW1XrCtLRRA"
time="2024-11-26T04:06:03+07:00" level=info msg="Token claims: &{RegisteredClaims:{Issuer:ilyasa Subject: Audience:[] ExpiresAt:2024-11-27 02:52:44 +0700 +07 NotBefore:<nil> IssuedAt:2024-11-26 03:52:44 +0700 +07 ID:} CredId: UserID: Email: Role:customer}"
time="2024-11-26T04:06:03+07:00" level=info msg="Claimed user_id: "
time="2024-11-26T04:06:03+07:00" level=error msg="Token user_id  does not match payment customer_id cus-001"
time="2024-11-26T04:06:08+07:00" level=info msg="Token: eyJhbGciOiJIUzI1NiIsInR5cCI6IkpXVCJ9.eyJpc3MiOiJpbHlhc2EiLCJleHAiOjE3MzI2NTA3NjQsImlhdCI6MTczMjU2Nzk2NCwiY3JlZElkIjoiIiwicm9sZSI6ImN1c3RvbWVyIn0.hSfsUJ2ZrDilP3K__EdYFkJghguMJc-GDW1XrCtLRRA"
time="2024-11-26T04:06:08+07:00" level=info msg="Parsing token: eyJhbGciOiJIUzI1NiIsInR5cCI6IkpXVCJ9.eyJpc3MiOiJpbHlhc2EiLCJleHAiOjE3MzI2NTA3NjQsImlhdCI6MTczMjU2Nzk2NCwiY3JlZElkIjoiIiwicm9sZSI6ImN1c3RvbWVyIn0.hSfsUJ2ZrDilP3K__EdYFkJghguMJc-GDW1XrCtLRRA"
time="2024-11-26T04:06:08+07:00" level=info msg="Token claims: &{RegisteredClaims:{Issuer:ilyasa Subject: Audience:[] ExpiresAt:2024-11-27 02:52:44 +0700 +07 NotBefore:<nil> IssuedAt:2024-11-26 03:52:44 +0700 +07 ID:} CredId: UserID: Email: Role:customer}"
time="2024-11-26T04:06:08+07:00" level=info msg="Claimed user_id: "
time="2024-11-26T04:06:08+07:00" level=error msg="Token user_id  does not match payment customer_id cus-001"
time="2024-11-26T04:06:32+07:00" level=info msg="User found: {cred-001 cus-001 testuser@example.com $2a$12$7fb6RY3cGve07FAjf51gsOlfw0bbowS2JZ5WSCDmJKDtkwZ/JoOx6  customer}"
time="2024-11-26T04:06:50+07:00" level=info msg="Token: eyJhbGciOiJIUzI1NiIsInR5cCI6IkpXVCJ9.eyJpc3MiOiJpbHlhc2EiLCJleHAiOjE3MzI2NTE1OTMsImlhdCI6MTczMjU2ODc5MywiY3JlZElkIjoiY3JlZC0wMDEiLCJyb2xlIjoiY3VzdG9tZXIifQ.WXfOpEOYikR1Cn8t8yNXtXjuN6T74Rs6NxW3qQpAo6c"
time="2024-11-26T04:06:50+07:00" level=info msg="Parsing token: eyJhbGciOiJIUzI1NiIsInR5cCI6IkpXVCJ9.eyJpc3MiOiJpbHlhc2EiLCJleHAiOjE3MzI2NTE1OTMsImlhdCI6MTczMjU2ODc5MywiY3JlZElkIjoiY3JlZC0wMDEiLCJyb2xlIjoiY3VzdG9tZXIifQ.WXfOpEOYikR1Cn8t8yNXtXjuN6T74Rs6NxW3qQpAo6c"
time="2024-11-26T04:06:50+07:00" level=info msg="Token claims: &{RegisteredClaims:{Issuer:ilyasa Subject: Audience:[] ExpiresAt:2024-11-27 03:06:33 +0700 +07 NotBefore:<nil> IssuedAt:2024-11-26 04:06:33 +0700 +07 ID:} CredId:cred-001 UserID: Email: Role:customer}"
time="2024-11-26T04:06:50+07:00" level=info msg="Claimed user_id: "
time="2024-11-26T04:06:50+07:00" level=error msg="Token user_id  does not match payment customer_id cus-001"
time="2024-11-26T04:07:33+07:00" level=info msg="Token: eyJhbGciOiJIUzI1NiIsInR5cCI6IkpXVCJ9.eyJpc3MiOiJpbHlhc2EiLCJleHAiOjE3MzI2NTE1OTMsImlhdCI6MTczMjU2ODc5MywiY3JlZElkIjoiY3JlZC0wMDEiLCJyb2xlIjoiY3VzdG9tZXIifQ.WXfOpEOYikR1Cn8t8yNXtXjuN6T74Rs6NxW3qQpAo6c"
time="2024-11-26T04:07:33+07:00" level=info msg="Parsing token: eyJhbGciOiJIUzI1NiIsInR5cCI6IkpXVCJ9.eyJpc3MiOiJpbHlhc2EiLCJleHAiOjE3MzI2NTE1OTMsImlhdCI6MTczMjU2ODc5MywiY3JlZElkIjoiY3JlZC0wMDEiLCJyb2xlIjoiY3VzdG9tZXIifQ.WXfOpEOYikR1Cn8t8yNXtXjuN6T74Rs6NxW3qQpAo6c"
time="2024-11-26T04:07:33+07:00" level=info msg="Token claims: &{RegisteredClaims:{Issuer:ilyasa Subject: Audience:[] ExpiresAt:2024-11-27 03:06:33 +0700 +07 NotBefore:<nil> IssuedAt:2024-11-26 04:06:33 +0700 +07 ID:} CredId:cred-001 UserID: Email: Role:customer}"
time="2024-11-26T04:07:33+07:00" level=info msg="Claimed user_id: "
time="2024-11-26T04:07:33+07:00" level=error msg="Token user_id  does not match payment customer_id cus-001"
time="2024-11-26T04:14:42+07:00" level=info msg="User found: {cred-001 cus-001 testuser@example.com $2a$12$7fb6RY3cGve07FAjf51gsOlfw0bbowS2JZ5WSCDmJKDtkwZ/JoOx6  customer}"
time="2024-11-26T04:15:28+07:00" level=info msg="Token:     eyJhbGciOiJIUzI1NiIsInR5cCI6IkpXVCJ9.eyJpc3MiOiJpbHlhc2EiLCJleHAiOjE3MzI2NTIwODIsImlhdCI6MTczMjU2OTI4MiwiY3JlZElkIjoiY3JlZC0wMDEiLCJ1c2VyX2lkIjoiY3VzLTAwMSIsImVtYWlsIjoidGVzdHVzZXJAZXhhbXBsZS5jb20iLCJyb2xlIjoiY3VzdG9tZXIifQ.BbBhYIWezH2A7KffUchjnzeWrkzsrPwy8Xt6DbJKz7k"
time="2024-11-26T04:15:28+07:00" level=info msg="Parsing token:     eyJhbGciOiJIUzI1NiIsInR5cCI6IkpXVCJ9.eyJpc3MiOiJpbHlhc2EiLCJleHAiOjE3MzI2NTIwODIsImlhdCI6MTczMjU2OTI4MiwiY3JlZElkIjoiY3JlZC0wMDEiLCJ1c2VyX2lkIjoiY3VzLTAwMSIsImVtYWlsIjoidGVzdHVzZXJAZXhhbXBsZS5jb20iLCJyb2xlIjoiY3VzdG9tZXIifQ.BbBhYIWezH2A7KffUchjnzeWrkzsrPwy8Xt6DbJKz7k"
time="2024-11-26T04:15:28+07:00" level=error msg="Error parsing token: token is malformed: could not base64 decode header: illegal base64 data at input byte 0"
time="2024-11-26T04:15:28+07:00" level=error msg="Invalid token: token is malformed: could not base64 decode header: illegal base64 data at input byte 0"
time="2024-11-26T04:16:10+07:00" level=info msg="Token: eyJhbGciOiJIUzI1NiIsInR5cCI6IkpXVCJ9.eyJpc3MiOiJpbHlhc2EiLCJleHAiOjE3MzI2NTIwODIsImlhdCI6MTczMjU2OTI4MiwiY3JlZElkIjoiY3JlZC0wMDEiLCJ1c2VyX2lkIjoiY3VzLTAwMSIsImVtYWlsIjoidGVzdHVzZXJAZXhhbXBsZS5jb20iLCJyb2xlIjoiY3VzdG9tZXIifQ.BbBhYIWezH2A7KffUchjnzeWrkzsrPwy8Xt6DbJKz7k"
time="2024-11-26T04:16:10+07:00" level=info msg="Parsing token: eyJhbGciOiJIUzI1NiIsInR5cCI6IkpXVCJ9.eyJpc3MiOiJpbHlhc2EiLCJleHAiOjE3MzI2NTIwODIsImlhdCI6MTczMjU2OTI4MiwiY3JlZElkIjoiY3JlZC0wMDEiLCJ1c2VyX2lkIjoiY3VzLTAwMSIsImVtYWlsIjoidGVzdHVzZXJAZXhhbXBsZS5jb20iLCJyb2xlIjoiY3VzdG9tZXIifQ.BbBhYIWezH2A7KffUchjnzeWrkzsrPwy8Xt6DbJKz7k"
time="2024-11-26T04:16:10+07:00" level=info msg="Token claims: &{RegisteredClaims:{Issuer:ilyasa Subject: Audience:[] ExpiresAt:2024-11-27 03:14:42 +0700 +07 NotBefore:<nil> IssuedAt:2024-11-26 04:14:42 +0700 +07 ID:} CredId:cred-001 UserID:cus-001 Email:testuser@example.com Role:customer}"
time="2024-11-26T04:16:10+07:00" level=info msg="Claimed user_id: cus-001"
time="2024-11-26T04:16:10+07:00" level=error msg="Error adding history: pq: syntax error at or near \",\""
time="2024-11-26T04:17:43+07:00" level=info msg="Token: eyJhbGciOiJIUzI1NiIsInR5cCI6IkpXVCJ9.eyJpc3MiOiJpbHlhc2EiLCJleHAiOjE3MzI2NTIwODIsImlhdCI6MTczMjU2OTI4MiwiY3JlZElkIjoiY3JlZC0wMDEiLCJ1c2VyX2lkIjoiY3VzLTAwMSIsImVtYWlsIjoidGVzdHVzZXJAZXhhbXBsZS5jb20iLCJyb2xlIjoiY3VzdG9tZXIifQ.BbBhYIWezH2A7KffUchjnzeWrkzsrPwy8Xt6DbJKz7k"
time="2024-11-26T04:17:43+07:00" level=info msg="Parsing token: eyJhbGciOiJIUzI1NiIsInR5cCI6IkpXVCJ9.eyJpc3MiOiJpbHlhc2EiLCJleHAiOjE3MzI2NTIwODIsImlhdCI6MTczMjU2OTI4MiwiY3JlZElkIjoiY3JlZC0wMDEiLCJ1c2VyX2lkIjoiY3VzLTAwMSIsImVtYWlsIjoidGVzdHVzZXJAZXhhbXBsZS5jb20iLCJyb2xlIjoiY3VzdG9tZXIifQ.BbBhYIWezH2A7KffUchjnzeWrkzsrPwy8Xt6DbJKz7k"
time="2024-11-26T04:17:43+07:00" level=info msg="Token claims: &{RegisteredClaims:{Issuer:ilyasa Subject: Audience:[] ExpiresAt:2024-11-27 03:14:42 +0700 +07 NotBefore:<nil> IssuedAt:2024-11-26 04:14:42 +0700 +07 ID:} CredId:cred-001 UserID:cus-001 Email:testuser@example.com Role:customer}"
time="2024-11-26T04:17:43+07:00" level=info msg="Claimed user_id: cus-001"
time="2024-11-26T04:17:43+07:00" level=error msg="Error adding history: pq: column \"messages\" of relation \"history\" does not exist"
time="2024-11-26T04:19:37+07:00" level=info msg="Token: eyJhbGciOiJIUzI1NiIsInR5cCI6IkpXVCJ9.eyJpc3MiOiJpbHlhc2EiLCJleHAiOjE3MzI2NTIwODIsImlhdCI6MTczMjU2OTI4MiwiY3JlZElkIjoiY3JlZC0wMDEiLCJ1c2VyX2lkIjoiY3VzLTAwMSIsImVtYWlsIjoidGVzdHVzZXJAZXhhbXBsZS5jb20iLCJyb2xlIjoiY3VzdG9tZXIifQ.BbBhYIWezH2A7KffUchjnzeWrkzsrPwy8Xt6DbJKz7k"
time="2024-11-26T04:19:37+07:00" level=info msg="Parsing token: eyJhbGciOiJIUzI1NiIsInR5cCI6IkpXVCJ9.eyJpc3MiOiJpbHlhc2EiLCJleHAiOjE3MzI2NTIwODIsImlhdCI6MTczMjU2OTI4MiwiY3JlZElkIjoiY3JlZC0wMDEiLCJ1c2VyX2lkIjoiY3VzLTAwMSIsImVtYWlsIjoidGVzdHVzZXJAZXhhbXBsZS5jb20iLCJyb2xlIjoiY3VzdG9tZXIifQ.BbBhYIWezH2A7KffUchjnzeWrkzsrPwy8Xt6DbJKz7k"
time="2024-11-26T04:19:37+07:00" level=info msg="Token claims: &{RegisteredClaims:{Issuer:ilyasa Subject: Audience:[] ExpiresAt:2024-11-27 03:14:42 +0700 +07 NotBefore:<nil> IssuedAt:2024-11-26 04:14:42 +0700 +07 ID:} CredId:cred-001 UserID:cus-001 Email:testuser@example.com Role:customer}"
time="2024-11-26T04:19:37+07:00" level=info msg="Claimed user_id: cus-001"
time="2024-11-26T04:19:38+07:00" level=error msg="Error adding history: pq: column \"time_stamp\" of relation \"history\" does not exist"
time="2024-11-26T04:21:01+07:00" level=info msg="Token: eyJhbGciOiJIUzI1NiIsInR5cCI6IkpXVCJ9.eyJpc3MiOiJpbHlhc2EiLCJleHAiOjE3MzI2NTIwODIsImlhdCI6MTczMjU2OTI4MiwiY3JlZElkIjoiY3JlZC0wMDEiLCJ1c2VyX2lkIjoiY3VzLTAwMSIsImVtYWlsIjoidGVzdHVzZXJAZXhhbXBsZS5jb20iLCJyb2xlIjoiY3VzdG9tZXIifQ.BbBhYIWezH2A7KffUchjnzeWrkzsrPwy8Xt6DbJKz7k"
time="2024-11-26T04:21:01+07:00" level=info msg="Parsing token: eyJhbGciOiJIUzI1NiIsInR5cCI6IkpXVCJ9.eyJpc3MiOiJpbHlhc2EiLCJleHAiOjE3MzI2NTIwODIsImlhdCI6MTczMjU2OTI4MiwiY3JlZElkIjoiY3JlZC0wMDEiLCJ1c2VyX2lkIjoiY3VzLTAwMSIsImVtYWlsIjoidGVzdHVzZXJAZXhhbXBsZS5jb20iLCJyb2xlIjoiY3VzdG9tZXIifQ.BbBhYIWezH2A7KffUchjnzeWrkzsrPwy8Xt6DbJKz7k"
time="2024-11-26T04:21:01+07:00" level=info msg="Token claims: &{RegisteredClaims:{Issuer:ilyasa Subject: Audience:[] ExpiresAt:2024-11-27 03:14:42 +0700 +07 NotBefore:<nil> IssuedAt:2024-11-26 04:14:42 +0700 +07 ID:} CredId:cred-001 UserID:cus-001 Email:testuser@example.com Role:customer}"
time="2024-11-26T04:21:01+07:00" level=info msg="Claimed user_id: cus-001"
time="2024-11-26T04:21:01+07:00" level=error msg="Error adding history: pq: null value in column \"id\" of relation \"history\" violates not-null constraint"
time="2024-11-26T04:27:15+07:00" level=info msg="Token: eyJhbGciOiJIUzI1NiIsInR5cCI6IkpXVCJ9.eyJpc3MiOiJpbHlhc2EiLCJleHAiOjE3MzI2NTIwODIsImlhdCI6MTczMjU2OTI4MiwiY3JlZElkIjoiY3JlZC0wMDEiLCJ1c2VyX2lkIjoiY3VzLTAwMSIsImVtYWlsIjoidGVzdHVzZXJAZXhhbXBsZS5jb20iLCJyb2xlIjoiY3VzdG9tZXIifQ.BbBhYIWezH2A7KffUchjnzeWrkzsrPwy8Xt6DbJKz7k"
time="2024-11-26T04:27:15+07:00" level=info msg="Parsing token: eyJhbGciOiJIUzI1NiIsInR5cCI6IkpXVCJ9.eyJpc3MiOiJpbHlhc2EiLCJleHAiOjE3MzI2NTIwODIsImlhdCI6MTczMjU2OTI4MiwiY3JlZElkIjoiY3JlZC0wMDEiLCJ1c2VyX2lkIjoiY3VzLTAwMSIsImVtYWlsIjoidGVzdHVzZXJAZXhhbXBsZS5jb20iLCJyb2xlIjoiY3VzdG9tZXIifQ.BbBhYIWezH2A7KffUchjnzeWrkzsrPwy8Xt6DbJKz7k"
time="2024-11-26T04:27:15+07:00" level=info msg="Token claims: &{RegisteredClaims:{Issuer:ilyasa Subject: Audience:[] ExpiresAt:2024-11-27 03:14:42 +0700 +07 NotBefore:<nil> IssuedAt:2024-11-26 04:14:42 +0700 +07 ID:} CredId:cred-001 UserID:cus-001 Email:testuser@example.com Role:customer}"
time="2024-11-26T04:27:15+07:00" level=info msg="Claimed user_id: cus-001"
time="2024-11-26T04:27:16+07:00" level=error msg="Error adding history: pq: column \"activity\" of relation \"history\" does not exist"
time="2024-11-26T04:29:01+07:00" level=info msg="Token: eyJhbGciOiJIUzI1NiIsInR5cCI6IkpXVCJ9.eyJpc3MiOiJpbHlhc2EiLCJleHAiOjE3MzI2NTIwODIsImlhdCI6MTczMjU2OTI4MiwiY3JlZElkIjoiY3JlZC0wMDEiLCJ1c2VyX2lkIjoiY3VzLTAwMSIsImVtYWlsIjoidGVzdHVzZXJAZXhhbXBsZS5jb20iLCJyb2xlIjoiY3VzdG9tZXIifQ.BbBhYIWezH2A7KffUchjnzeWrkzsrPwy8Xt6DbJKz7k"
time="2024-11-26T04:29:01+07:00" level=info msg="Parsing token: eyJhbGciOiJIUzI1NiIsInR5cCI6IkpXVCJ9.eyJpc3MiOiJpbHlhc2EiLCJleHAiOjE3MzI2NTIwODIsImlhdCI6MTczMjU2OTI4MiwiY3JlZElkIjoiY3JlZC0wMDEiLCJ1c2VyX2lkIjoiY3VzLTAwMSIsImVtYWlsIjoidGVzdHVzZXJAZXhhbXBsZS5jb20iLCJyb2xlIjoiY3VzdG9tZXIifQ.BbBhYIWezH2A7KffUchjnzeWrkzsrPwy8Xt6DbJKz7k"
time="2024-11-26T04:29:01+07:00" level=info msg="Token claims: &{RegisteredClaims:{Issuer:ilyasa Subject: Audience:[] ExpiresAt:2024-11-27 03:14:42 +0700 +07 NotBefore:<nil> IssuedAt:2024-11-26 04:14:42 +0700 +07 ID:} CredId:cred-001 UserID:cus-001 Email:testuser@example.com Role:customer}"
time="2024-11-26T04:29:01+07:00" level=info msg="Claimed user_id: cus-001"
time="2024-11-26T04:32:42+07:00" level=info msg="Token: eyJhbGciOiJIUzI1NiIsInR5cCI6IkpXVCJ9.eyJpc3MiOiJpbHlhc2EiLCJleHAiOjE3MzI2NTIwODIsImlhdCI6MTczMjU2OTI4MiwiY3JlZElkIjoiY3JlZC0wMDEiLCJ1c2VyX2lkIjoiY3VzLTAwMSIsImVtYWlsIjoidGVzdHVzZXJAZXhhbXBsZS5jb20iLCJyb2xlIjoiY3VzdG9tZXIifQ.BbBhYIWezH2A7KffUchjnzeWrkzsrPwy8Xt6DbJKz7k"
time="2024-11-26T04:32:42+07:00" level=info msg="Parsing token: eyJhbGciOiJIUzI1NiIsInR5cCI6IkpXVCJ9.eyJpc3MiOiJpbHlhc2EiLCJleHAiOjE3MzI2NTIwODIsImlhdCI6MTczMjU2OTI4MiwiY3JlZElkIjoiY3JlZC0wMDEiLCJ1c2VyX2lkIjoiY3VzLTAwMSIsImVtYWlsIjoidGVzdHVzZXJAZXhhbXBsZS5jb20iLCJyb2xlIjoiY3VzdG9tZXIifQ.BbBhYIWezH2A7KffUchjnzeWrkzsrPwy8Xt6DbJKz7k"
time="2024-11-26T04:32:42+07:00" level=info msg="Token claims: &{RegisteredClaims:{Issuer:ilyasa Subject: Audience:[] ExpiresAt:2024-11-27 03:14:42 +0700 +07 NotBefore:<nil> IssuedAt:2024-11-26 04:14:42 +0700 +07 ID:} CredId:cred-001 UserID:cus-001 Email:testuser@example.com Role:customer}"
time="2024-11-26T04:32:42+07:00" level=info msg="Claimed user_id: cus-001"
time="2024-11-26T04:33:03+07:00" level=info msg="Token: eyJhbGciOiJIUzI1NiIsInR5cCI6IkpXVCJ9.eyJpc3MiOiJpbHlhc2EiLCJleHAiOjE3MzI2NTIwODIsImlhdCI6MTczMjU2OTI4MiwiY3JlZElkIjoiY3JlZC0wMDEiLCJ1c2VyX2lkIjoiY3VzLTAwMSIsImVtYWlsIjoidGVzdHVzZXJAZXhhbXBsZS5jb20iLCJyb2xlIjoiY3VzdG9tZXIifQ.BbBhYIWezH2A7KffUchjnzeWrkzsrPwy8Xt6DbJKz7k"
time="2024-11-26T04:33:03+07:00" level=info msg="Parsing token: eyJhbGciOiJIUzI1NiIsInR5cCI6IkpXVCJ9.eyJpc3MiOiJpbHlhc2EiLCJleHAiOjE3MzI2NTIwODIsImlhdCI6MTczMjU2OTI4MiwiY3JlZElkIjoiY3JlZC0wMDEiLCJ1c2VyX2lkIjoiY3VzLTAwMSIsImVtYWlsIjoidGVzdHVzZXJAZXhhbXBsZS5jb20iLCJyb2xlIjoiY3VzdG9tZXIifQ.BbBhYIWezH2A7KffUchjnzeWrkzsrPwy8Xt6DbJKz7k"
time="2024-11-26T04:33:03+07:00" level=info msg="Token claims: &{RegisteredClaims:{Issuer:ilyasa Subject: Audience:[] ExpiresAt:2024-11-27 03:14:42 +0700 +07 NotBefore:<nil> IssuedAt:2024-11-26 04:14:42 +0700 +07 ID:} CredId:cred-001 UserID:cus-001 Email:testuser@example.com Role:customer}"
time="2024-11-26T04:33:03+07:00" level=info msg="Claimed user_id: cus-001"
time="2024-11-26T04:33:50+07:00" level=info msg="Token: eyJhbGciOiJIUzI1NiIsInR5cCI6IkpXVCJ9.eyJpc3MiOiJpbHlhc2EiLCJleHAiOjE3MzI2NTIwODIsImlhdCI6MTczMjU2OTI4MiwiY3JlZElkIjoiY3JlZC0wMDEiLCJ1c2VyX2lkIjoiY3VzLTAwMSIsImVtYWlsIjoidGVzdHVzZXJAZXhhbXBsZS5jb20iLCJyb2xlIjoiY3VzdG9tZXIifQ.BbBhYIWezH2A7KffUchjnzeWrkzsrPwy8Xt6DbJKz7k"
time="2024-11-26T04:33:50+07:00" level=info msg="Parsing token: eyJhbGciOiJIUzI1NiIsInR5cCI6IkpXVCJ9.eyJpc3MiOiJpbHlhc2EiLCJleHAiOjE3MzI2NTIwODIsImlhdCI6MTczMjU2OTI4MiwiY3JlZElkIjoiY3JlZC0wMDEiLCJ1c2VyX2lkIjoiY3VzLTAwMSIsImVtYWlsIjoidGVzdHVzZXJAZXhhbXBsZS5jb20iLCJyb2xlIjoiY3VzdG9tZXIifQ.BbBhYIWezH2A7KffUchjnzeWrkzsrPwy8Xt6DbJKz7k"
time="2024-11-26T04:33:50+07:00" level=info msg="Token claims: &{RegisteredClaims:{Issuer:ilyasa Subject: Audience:[] ExpiresAt:2024-11-27 03:14:42 +0700 +07 NotBefore:<nil> IssuedAt:2024-11-26 04:14:42 +0700 +07 ID:} CredId:cred-001 UserID:cus-001 Email:testuser@example.com Role:customer}"
time="2024-11-26T04:33:50+07:00" level=info msg="Claimed user_id: cus-001"
time="2024-11-26T04:33:52+07:00" level=info msg="Token: eyJhbGciOiJIUzI1NiIsInR5cCI6IkpXVCJ9.eyJpc3MiOiJpbHlhc2EiLCJleHAiOjE3MzI2NTIwODIsImlhdCI6MTczMjU2OTI4MiwiY3JlZElkIjoiY3JlZC0wMDEiLCJ1c2VyX2lkIjoiY3VzLTAwMSIsImVtYWlsIjoidGVzdHVzZXJAZXhhbXBsZS5jb20iLCJyb2xlIjoiY3VzdG9tZXIifQ.BbBhYIWezH2A7KffUchjnzeWrkzsrPwy8Xt6DbJKz7k"
time="2024-11-26T04:33:52+07:00" level=info msg="Parsing token: eyJhbGciOiJIUzI1NiIsInR5cCI6IkpXVCJ9.eyJpc3MiOiJpbHlhc2EiLCJleHAiOjE3MzI2NTIwODIsImlhdCI6MTczMjU2OTI4MiwiY3JlZElkIjoiY3JlZC0wMDEiLCJ1c2VyX2lkIjoiY3VzLTAwMSIsImVtYWlsIjoidGVzdHVzZXJAZXhhbXBsZS5jb20iLCJyb2xlIjoiY3VzdG9tZXIifQ.BbBhYIWezH2A7KffUchjnzeWrkzsrPwy8Xt6DbJKz7k"
time="2024-11-26T04:33:52+07:00" level=info msg="Token claims: &{RegisteredClaims:{Issuer:ilyasa Subject: Audience:[] ExpiresAt:2024-11-27 03:14:42 +0700 +07 NotBefore:<nil> IssuedAt:2024-11-26 04:14:42 +0700 +07 ID:} CredId:cred-001 UserID:cus-001 Email:testuser@example.com Role:customer}"
time="2024-11-26T04:33:52+07:00" level=info msg="Claimed user_id: cus-001"
time="2024-11-26T04:33:54+07:00" level=info msg="Token: eyJhbGciOiJIUzI1NiIsInR5cCI6IkpXVCJ9.eyJpc3MiOiJpbHlhc2EiLCJleHAiOjE3MzI2NTIwODIsImlhdCI6MTczMjU2OTI4MiwiY3JlZElkIjoiY3JlZC0wMDEiLCJ1c2VyX2lkIjoiY3VzLTAwMSIsImVtYWlsIjoidGVzdHVzZXJAZXhhbXBsZS5jb20iLCJyb2xlIjoiY3VzdG9tZXIifQ.BbBhYIWezH2A7KffUchjnzeWrkzsrPwy8Xt6DbJKz7k"
time="2024-11-26T04:33:54+07:00" level=info msg="Parsing token: eyJhbGciOiJIUzI1NiIsInR5cCI6IkpXVCJ9.eyJpc3MiOiJpbHlhc2EiLCJleHAiOjE3MzI2NTIwODIsImlhdCI6MTczMjU2OTI4MiwiY3JlZElkIjoiY3JlZC0wMDEiLCJ1c2VyX2lkIjoiY3VzLTAwMSIsImVtYWlsIjoidGVzdHVzZXJAZXhhbXBsZS5jb20iLCJyb2xlIjoiY3VzdG9tZXIifQ.BbBhYIWezH2A7KffUchjnzeWrkzsrPwy8Xt6DbJKz7k"
time="2024-11-26T04:33:54+07:00" level=info msg="Token claims: &{RegisteredClaims:{Issuer:ilyasa Subject: Audience:[] ExpiresAt:2024-11-27 03:14:42 +0700 +07 NotBefore:<nil> IssuedAt:2024-11-26 04:14:42 +0700 +07 ID:} CredId:cred-001 UserID:cus-001 Email:testuser@example.com Role:customer}"
time="2024-11-26T04:33:54+07:00" level=info msg="Claimed user_id: cus-001"
time="2024-11-26T05:52:56+07:00" level=info msg="User found: {cred-001 cus-001 testuser@example.com $2a$12$7fb6RY3cGve07FAjf51gsOlfw0bbowS2JZ5WSCDmJKDtkwZ/JoOx6  customer}"
time="2024-11-26T05:53:50+07:00" level=info msg="Token: eyJhbGciOiJIUzI1NiIsInR5cCI6IkpXVCJ9.eyJpc3MiOiJpbHlhc2EiLCJleHAiOjE3MzI2NTc5NzYsImlhdCI6MTczMjU3NTE3NiwiY3JlZElkIjoiY3JlZC0wMDEiLCJ1c2VyX2lkIjoiY3VzLTAwMSIsImVtYWlsIjoidGVzdHVzZXJAZXhhbXBsZS5jb20iLCJyb2xlIjoiY3VzdG9tZXIifQ.P_Ya7TC7Fm9c0hUh7QQwDt3H5B2BMVfBF1vIKkhhsCg"
time="2024-11-26T05:53:50+07:00" level=info msg="Parsing token: eyJhbGciOiJIUzI1NiIsInR5cCI6IkpXVCJ9.eyJpc3MiOiJpbHlhc2EiLCJleHAiOjE3MzI2NTc5NzYsImlhdCI6MTczMjU3NTE3NiwiY3JlZElkIjoiY3JlZC0wMDEiLCJ1c2VyX2lkIjoiY3VzLTAwMSIsImVtYWlsIjoidGVzdHVzZXJAZXhhbXBsZS5jb20iLCJyb2xlIjoiY3VzdG9tZXIifQ.P_Ya7TC7Fm9c0hUh7QQwDt3H5B2BMVfBF1vIKkhhsCg"
time="2024-11-26T05:53:51+07:00" level=info msg="Token claims: &{RegisteredClaims:{Issuer:ilyasa Subject: Audience:[] ExpiresAt:2024-11-27 04:52:56 +0700 +07 NotBefore:<nil> IssuedAt:2024-11-26 05:52:56 +0700 +07 ID:} CredId:cred-001 UserID:cus-001 Email:testuser@example.com Role:customer}"
time="2024-11-26T05:53:51+07:00" level=info msg="Claimed user_id: cus-001"
time="2024-11-26T05:53:54+07:00" level=info msg="Token: eyJhbGciOiJIUzI1NiIsInR5cCI6IkpXVCJ9.eyJpc3MiOiJpbHlhc2EiLCJleHAiOjE3MzI2NTc5NzYsImlhdCI6MTczMjU3NTE3NiwiY3JlZElkIjoiY3JlZC0wMDEiLCJ1c2VyX2lkIjoiY3VzLTAwMSIsImVtYWlsIjoidGVzdHVzZXJAZXhhbXBsZS5jb20iLCJyb2xlIjoiY3VzdG9tZXIifQ.P_Ya7TC7Fm9c0hUh7QQwDt3H5B2BMVfBF1vIKkhhsCg"
time="2024-11-26T05:53:54+07:00" level=info msg="Parsing token: eyJhbGciOiJIUzI1NiIsInR5cCI6IkpXVCJ9.eyJpc3MiOiJpbHlhc2EiLCJleHAiOjE3MzI2NTc5NzYsImlhdCI6MTczMjU3NTE3NiwiY3JlZElkIjoiY3JlZC0wMDEiLCJ1c2VyX2lkIjoiY3VzLTAwMSIsImVtYWlsIjoidGVzdHVzZXJAZXhhbXBsZS5jb20iLCJyb2xlIjoiY3VzdG9tZXIifQ.P_Ya7TC7Fm9c0hUh7QQwDt3H5B2BMVfBF1vIKkhhsCg"
time="2024-11-26T05:53:54+07:00" level=info msg="Token claims: &{RegisteredClaims:{Issuer:ilyasa Subject: Audience:[] ExpiresAt:2024-11-27 04:52:56 +0700 +07 NotBefore:<nil> IssuedAt:2024-11-26 05:52:56 +0700 +07 ID:} CredId:cred-001 UserID:cus-001 Email:testuser@example.com Role:customer}"
time="2024-11-26T05:53:54+07:00" level=info msg="Claimed user_id: cus-001"
time="2024-11-26T05:53:56+07:00" level=info msg="Token: eyJhbGciOiJIUzI1NiIsInR5cCI6IkpXVCJ9.eyJpc3MiOiJpbHlhc2EiLCJleHAiOjE3MzI2NTc5NzYsImlhdCI6MTczMjU3NTE3NiwiY3JlZElkIjoiY3JlZC0wMDEiLCJ1c2VyX2lkIjoiY3VzLTAwMSIsImVtYWlsIjoidGVzdHVzZXJAZXhhbXBsZS5jb20iLCJyb2xlIjoiY3VzdG9tZXIifQ.P_Ya7TC7Fm9c0hUh7QQwDt3H5B2BMVfBF1vIKkhhsCg"
time="2024-11-26T05:53:56+07:00" level=info msg="Parsing token: eyJhbGciOiJIUzI1NiIsInR5cCI6IkpXVCJ9.eyJpc3MiOiJpbHlhc2EiLCJleHAiOjE3MzI2NTc5NzYsImlhdCI6MTczMjU3NTE3NiwiY3JlZElkIjoiY3JlZC0wMDEiLCJ1c2VyX2lkIjoiY3VzLTAwMSIsImVtYWlsIjoidGVzdHVzZXJAZXhhbXBsZS5jb20iLCJyb2xlIjoiY3VzdG9tZXIifQ.P_Ya7TC7Fm9c0hUh7QQwDt3H5B2BMVfBF1vIKkhhsCg"
time="2024-11-26T05:53:56+07:00" level=info msg="Token claims: &{RegisteredClaims:{Issuer:ilyasa Subject: Audience:[] ExpiresAt:2024-11-27 04:52:56 +0700 +07 NotBefore:<nil> IssuedAt:2024-11-26 05:52:56 +0700 +07 ID:} CredId:cred-001 UserID:cus-001 Email:testuser@example.com Role:customer}"
time="2024-11-26T05:53:56+07:00" level=info msg="Claimed user_id: cus-001"
time="2024-11-26T05:54:00+07:00" level=info msg="Token: eyJhbGciOiJIUzI1NiIsInR5cCI6IkpXVCJ9.eyJpc3MiOiJpbHlhc2EiLCJleHAiOjE3MzI2NTc5NzYsImlhdCI6MTczMjU3NTE3NiwiY3JlZElkIjoiY3JlZC0wMDEiLCJ1c2VyX2lkIjoiY3VzLTAwMSIsImVtYWlsIjoidGVzdHVzZXJAZXhhbXBsZS5jb20iLCJyb2xlIjoiY3VzdG9tZXIifQ.P_Ya7TC7Fm9c0hUh7QQwDt3H5B2BMVfBF1vIKkhhsCg"
time="2024-11-26T05:54:00+07:00" level=info msg="Parsing token: eyJhbGciOiJIUzI1NiIsInR5cCI6IkpXVCJ9.eyJpc3MiOiJpbHlhc2EiLCJleHAiOjE3MzI2NTc5NzYsImlhdCI6MTczMjU3NTE3NiwiY3JlZElkIjoiY3JlZC0wMDEiLCJ1c2VyX2lkIjoiY3VzLTAwMSIsImVtYWlsIjoidGVzdHVzZXJAZXhhbXBsZS5jb20iLCJyb2xlIjoiY3VzdG9tZXIifQ.P_Ya7TC7Fm9c0hUh7QQwDt3H5B2BMVfBF1vIKkhhsCg"
time="2024-11-26T05:54:00+07:00" level=info msg="Token claims: &{RegisteredClaims:{Issuer:ilyasa Subject: Audience:[] ExpiresAt:2024-11-27 04:52:56 +0700 +07 NotBefore:<nil> IssuedAt:2024-11-26 05:52:56 +0700 +07 ID:} CredId:cred-001 UserID:cus-001 Email:testuser@example.com Role:customer}"
time="2024-11-26T05:54:00+07:00" level=info msg="Claimed user_id: cus-001"
time="2024-11-26T06:35:07+07:00" level=info msg="User found: {cred-001 cus-001 testuser@example.com $2a$12$7fb6RY3cGve07FAjf51gsOlfw0bbowS2JZ5WSCDmJKDtkwZ/JoOx6  customer}"
time="2024-11-26T06:35:44+07:00" level=info msg="Token: eyJhbGciOiJIUzI1NiIsInR5cCI6IkpXVCJ9.eyJpc3MiOiJpbHlhc2EiLCJleHAiOjE3MzI2NjA1MDgsImlhdCI6MTczMjU3NzcwOCwiY3JlZElkIjoiY3JlZC0wMDEiLCJ1c2VyX2lkIjoiY3VzLTAwMSIsImVtYWlsIjoidGVzdHVzZXJAZXhhbXBsZS5jb20iLCJyb2xlIjoiY3VzdG9tZXIifQ.OTO2wIYu1gMQdKvP5v2vqSYyXelwoTRUyVo6uBDGp30"
time="2024-11-26T06:35:44+07:00" level=info msg="Parsing token: eyJhbGciOiJIUzI1NiIsInR5cCI6IkpXVCJ9.eyJpc3MiOiJpbHlhc2EiLCJleHAiOjE3MzI2NjA1MDgsImlhdCI6MTczMjU3NzcwOCwiY3JlZElkIjoiY3JlZC0wMDEiLCJ1c2VyX2lkIjoiY3VzLTAwMSIsImVtYWlsIjoidGVzdHVzZXJAZXhhbXBsZS5jb20iLCJyb2xlIjoiY3VzdG9tZXIifQ.OTO2wIYu1gMQdKvP5v2vqSYyXelwoTRUyVo6uBDGp30"
time="2024-11-26T06:35:44+07:00" level=info msg="Token claims: &{RegisteredClaims:{Issuer:ilyasa Subject: Audience:[] ExpiresAt:2024-11-27 05:35:08 +0700 +07 NotBefore:<nil> IssuedAt:2024-11-26 06:35:08 +0700 +07 ID:} CredId:cred-001 UserID:cus-001 Email:testuser@example.com Role:customer}"
time="2024-11-26T06:35:44+07:00" level=info msg="Claimed user_id: cus-001"
time="2024-11-26T06:36:21+07:00" level=info msg="Token: eyJhbGciOiJIUzI1NiIsInR5cCI6IkpXVCJ9.eyJpc3MiOiJpbHlhc2EiLCJleHAiOjE3MzI2NjA1MDgsImlhdCI6MTczMjU3NzcwOCwiY3JlZElkIjoiY3JlZC0wMDEiLCJ1c2VyX2lkIjoiY3VzLTAwMSIsImVtYWlsIjoidGVzdHVzZXJAZXhhbXBsZS5jb20iLCJyb2xlIjoiY3VzdG9tZXIifQ.OTO2wIYu1gMQdKvP5v2vqSYyXelwoTRUyVo6uBDGp30"
time="2024-11-26T06:36:21+07:00" level=info msg="Parsing token: eyJhbGciOiJIUzI1NiIsInR5cCI6IkpXVCJ9.eyJpc3MiOiJpbHlhc2EiLCJleHAiOjE3MzI2NjA1MDgsImlhdCI6MTczMjU3NzcwOCwiY3JlZElkIjoiY3JlZC0wMDEiLCJ1c2VyX2lkIjoiY3VzLTAwMSIsImVtYWlsIjoidGVzdHVzZXJAZXhhbXBsZS5jb20iLCJyb2xlIjoiY3VzdG9tZXIifQ.OTO2wIYu1gMQdKvP5v2vqSYyXelwoTRUyVo6uBDGp30"
time="2024-11-26T06:36:21+07:00" level=info msg="Token claims: &{RegisteredClaims:{Issuer:ilyasa Subject: Audience:[] ExpiresAt:2024-11-27 05:35:08 +0700 +07 NotBefore:<nil> IssuedAt:2024-11-26 06:35:08 +0700 +07 ID:} CredId:cred-001 UserID:cus-001 Email:testuser@example.com Role:customer}"
time="2024-11-26T06:36:21+07:00" level=info msg="Claimed user_id: cus-001"
time="2024-11-26T06:37:52+07:00" level=info msg="Token: eyJhbGciOiJIUzI1NiIsInR5cCI6IkpXVCJ9.eyJpc3MiOiJpbHlhc2EiLCJleHAiOjE3MzI2NjA1MDgsImlhdCI6MTczMjU3NzcwOCwiY3JlZElkIjoiY3JlZC0wMDEiLCJ1c2VyX2lkIjoiY3VzLTAwMSIsImVtYWlsIjoidGVzdHVzZXJAZXhhbXBsZS5jb20iLCJyb2xlIjoiY3VzdG9tZXIifQ.OTO2wIYu1gMQdKvP5v2vqSYyXelwoTRUyVo6uBDGp30"
time="2024-11-26T06:37:52+07:00" level=info msg="Parsing token: eyJhbGciOiJIUzI1NiIsInR5cCI6IkpXVCJ9.eyJpc3MiOiJpbHlhc2EiLCJleHAiOjE3MzI2NjA1MDgsImlhdCI6MTczMjU3NzcwOCwiY3JlZElkIjoiY3JlZC0wMDEiLCJ1c2VyX2lkIjoiY3VzLTAwMSIsImVtYWlsIjoidGVzdHVzZXJAZXhhbXBsZS5jb20iLCJyb2xlIjoiY3VzdG9tZXIifQ.OTO2wIYu1gMQdKvP5v2vqSYyXelwoTRUyVo6uBDGp30"
time="2024-11-26T06:37:52+07:00" level=info msg="Token claims: &{RegisteredClaims:{Issuer:ilyasa Subject: Audience:[] ExpiresAt:2024-11-27 05:35:08 +0700 +07 NotBefore:<nil> IssuedAt:2024-11-26 06:35:08 +0700 +07 ID:} CredId:cred-001 UserID:cus-001 Email:testuser@example.com Role:customer}"
time="2024-11-26T06:37:52+07:00" level=info msg="Claimed user_id: cus-001"
time="2024-11-26T06:38:28+07:00" level=info msg="Token: eyJhbGciOiJIUzI1NiIsInR5cCI6IkpXVCJ9.eyJpc3MiOiJpbHlhc2EiLCJleHAiOjE3MzI2NjA1MDgsImlhdCI6MTczMjU3NzcwOCwiY3JlZElkIjoiY3JlZC0wMDEiLCJ1c2VyX2lkIjoiY3VzLTAwMSIsImVtYWlsIjoidGVzdHVzZXJAZXhhbXBsZS5jb20iLCJyb2xlIjoiY3VzdG9tZXIifQ.OTO2wIYu1gMQdKvP5v2vqSYyXelwoTRUyVo6uBDGp30"
time="2024-11-26T06:38:28+07:00" level=info msg="Parsing token: eyJhbGciOiJIUzI1NiIsInR5cCI6IkpXVCJ9.eyJpc3MiOiJpbHlhc2EiLCJleHAiOjE3MzI2NjA1MDgsImlhdCI6MTczMjU3NzcwOCwiY3JlZElkIjoiY3JlZC0wMDEiLCJ1c2VyX2lkIjoiY3VzLTAwMSIsImVtYWlsIjoidGVzdHVzZXJAZXhhbXBsZS5jb20iLCJyb2xlIjoiY3VzdG9tZXIifQ.OTO2wIYu1gMQdKvP5v2vqSYyXelwoTRUyVo6uBDGp30"
time="2024-11-26T06:38:28+07:00" level=info msg="Token claims: &{RegisteredClaims:{Issuer:ilyasa Subject: Audience:[] ExpiresAt:2024-11-27 05:35:08 +0700 +07 NotBefore:<nil> IssuedAt:2024-11-26 06:35:08 +0700 +07 ID:} CredId:cred-001 UserID:cus-001 Email:testuser@example.com Role:customer}"
time="2024-11-26T06:38:28+07:00" level=info msg="Claimed user_id: cus-001"
time="2024-11-26T06:39:56+07:00" level=info msg="Token: eyJhbGciOiJIUzI1NiIsInR5cCI6IkpXVCJ9.eyJpc3MiOiJpbHlhc2EiLCJleHAiOjE3MzI2NjA1MDgsImlhdCI6MTczMjU3NzcwOCwiY3JlZElkIjoiY3JlZC0wMDEiLCJ1c2VyX2lkIjoiY3VzLTAwMSIsImVtYWlsIjoidGVzdHVzZXJAZXhhbXBsZS5jb20iLCJyb2xlIjoiY3VzdG9tZXIifQ.OTO2wIYu1gMQdKvP5v2vqSYyXelwoTRUyVo6uBDGp30"
time="2024-11-26T06:39:56+07:00" level=info msg="Parsing token: eyJhbGciOiJIUzI1NiIsInR5cCI6IkpXVCJ9.eyJpc3MiOiJpbHlhc2EiLCJleHAiOjE3MzI2NjA1MDgsImlhdCI6MTczMjU3NzcwOCwiY3JlZElkIjoiY3JlZC0wMDEiLCJ1c2VyX2lkIjoiY3VzLTAwMSIsImVtYWlsIjoidGVzdHVzZXJAZXhhbXBsZS5jb20iLCJyb2xlIjoiY3VzdG9tZXIifQ.OTO2wIYu1gMQdKvP5v2vqSYyXelwoTRUyVo6uBDGp30"
time="2024-11-26T06:39:56+07:00" level=info msg="Token claims: &{RegisteredClaims:{Issuer:ilyasa Subject: Audience:[] ExpiresAt:2024-11-27 05:35:08 +0700 +07 NotBefore:<nil> IssuedAt:2024-11-26 06:35:08 +0700 +07 ID:} CredId:cred-001 UserID:cus-001 Email:testuser@example.com Role:customer}"
time="2024-11-26T06:39:56+07:00" level=info msg="Claimed user_id: cus-001"
time="2024-11-26T06:41:22+07:00" level=info msg="Token: eyJhbGciOiJIUzI1NiIsInR5cCI6IkpXVCJ9.eyJpc3MiOiJpbHlhc2EiLCJleHAiOjE3MzI2NjA1MDgsImlhdCI6MTczMjU3NzcwOCwiY3JlZElkIjoiY3JlZC0wMDEiLCJ1c2VyX2lkIjoiY3VzLTAwMSIsImVtYWlsIjoidGVzdHVzZXJAZXhhbXBsZS5jb20iLCJyb2xlIjoiY3VzdG9tZXIifQ.OTO2wIYu1gMQdKvP5v2vqSYyXelwoTRUyVo6uBDGp30"
time="2024-11-26T06:41:22+07:00" level=info msg="Parsing token: eyJhbGciOiJIUzI1NiIsInR5cCI6IkpXVCJ9.eyJpc3MiOiJpbHlhc2EiLCJleHAiOjE3MzI2NjA1MDgsImlhdCI6MTczMjU3NzcwOCwiY3JlZElkIjoiY3JlZC0wMDEiLCJ1c2VyX2lkIjoiY3VzLTAwMSIsImVtYWlsIjoidGVzdHVzZXJAZXhhbXBsZS5jb20iLCJyb2xlIjoiY3VzdG9tZXIifQ.OTO2wIYu1gMQdKvP5v2vqSYyXelwoTRUyVo6uBDGp30"
time="2024-11-26T06:41:22+07:00" level=info msg="Token claims: &{RegisteredClaims:{Issuer:ilyasa Subject: Audience:[] ExpiresAt:2024-11-27 05:35:08 +0700 +07 NotBefore:<nil> IssuedAt:2024-11-26 06:35:08 +0700 +07 ID:} CredId:cred-001 UserID:cus-001 Email:testuser@example.com Role:customer}"
time="2024-11-26T06:41:22+07:00" level=info msg="Claimed user_id: cus-001"
time="2024-11-26T06:42:22+07:00" level=info msg="Token: eyJhbGciOiJIUzI1NiIsInR5cCI6IkpXVCJ9.eyJpc3MiOiJpbHlhc2EiLCJleHAiOjE3MzI2NjA1MDgsImlhdCI6MTczMjU3NzcwOCwiY3JlZElkIjoiY3JlZC0wMDEiLCJ1c2VyX2lkIjoiY3VzLTAwMSIsImVtYWlsIjoidGVzdHVzZXJAZXhhbXBsZS5jb20iLCJyb2xlIjoiY3VzdG9tZXIifQ.OTO2wIYu1gMQdKvP5v2vqSYyXelwoTRUyVo6uBDGp30"
time="2024-11-26T06:42:22+07:00" level=info msg="Parsing token: eyJhbGciOiJIUzI1NiIsInR5cCI6IkpXVCJ9.eyJpc3MiOiJpbHlhc2EiLCJleHAiOjE3MzI2NjA1MDgsImlhdCI6MTczMjU3NzcwOCwiY3JlZElkIjoiY3JlZC0wMDEiLCJ1c2VyX2lkIjoiY3VzLTAwMSIsImVtYWlsIjoidGVzdHVzZXJAZXhhbXBsZS5jb20iLCJyb2xlIjoiY3VzdG9tZXIifQ.OTO2wIYu1gMQdKvP5v2vqSYyXelwoTRUyVo6uBDGp30"
time="2024-11-26T06:42:22+07:00" level=info msg="Token is invalidated: eyJhbGciOiJIUzI1NiIsInR5cCI6IkpXVCJ9.eyJpc3MiOiJpbHlhc2EiLCJleHAiOjE3MzI2NjA1MDgsImlhdCI6MTczMjU3NzcwOCwiY3JlZElkIjoiY3JlZC0wMDEiLCJ1c2VyX2lkIjoiY3VzLTAwMSIsImVtYWlsIjoidGVzdHVzZXJAZXhhbXBsZS5jb20iLCJyb2xlIjoiY3VzdG9tZXIifQ.OTO2wIYu1gMQdKvP5v2vqSYyXelwoTRUyVo6uBDGp30"
time="2024-11-26T06:42:22+07:00" level=error msg="Invalid token: token is invalidated"
